<?xml version="1.0" encoding="UTF-8" ?>
<testsuite tests="1" failures="0" name="com.compilador.AppTest" time="0.005" errors="0" skipped="0">
  <properties>
    <property name="java.runtime.name" value="Java(TM) SE Runtime Environment"/>
    <property name="java.vm.version" value="24.0.1+9-30"/>
    <property name="sun.boot.library.path" value="C:\Program Files\Java\jdk-24\bin"/>
    <property name="maven.multiModuleProjectDirectory" value="C:\Users\Sabri\Tecnicas-de-Compilacion\TP_Final_ANTLR\demo"/>
    <property name="java.vm.vendor" value="Oracle Corporation"/>
    <property name="java.vendor.url" value="https://java.oracle.com/"/>
    <property name="guice.disable.misplaced.annotation.check" value="true"/>
    <property name="path.separator" value=";"/>
    <property name="java.vm.name" value="Java HotSpot(TM) 64-Bit Server VM"/>
    <property name="sun.os.patch.level" value=""/>
    <property name="user.script" value=""/>
    <property name="user.country" value="AR"/>
    <property name="sun.java.launcher" value="SUN_STANDARD"/>
    <property name="java.vm.specification.name" value="Java Virtual Machine Specification"/>
    <property name="user.dir" value="C:\Users\Sabri\Tecnicas-de-Compilacion\TP_Final_ANTLR\demo"/>
    <property name="java.vm.compressedOopsMode" value="32-bit"/>
    <property name="java.runtime.version" value="24.0.1+9-30"/>
    <property name="os.arch" value="amd64"/>
    <property name="java.io.tmpdir" value="C:\Users\Sabri\AppData\Local\Temp\"/>
    <property name="line.separator" value="
"/>
    <property name="java.vm.specification.vendor" value="Oracle Corporation"/>
    <property name="user.variant" value=""/>
    <property name="stderr.encoding" value="cp437"/>
    <property name="os.name" value="Windows 10"/>
    <property name="classworlds.conf" value="C:\herramientas_de_programacion\apache-maven-3.8.8\bin\m2.conf"/>
    <property name="sun.jnu.encoding" value="Cp1252"/>
    <property name="stdout.encoding" value="cp437"/>
    <property name="java.library.path" value="C:\Program Files\Java\jdk-24\bin;C:\windows\Sun\Java\bin;C:\windows\system32;C:\windows;C:\Program Files\Java\jdk-24\bin;C:\windows\system32;C:\windows;C:\windows\System32\Wbem;C:\windows\System32\WindowsPowerShell\v1.0\;C:\windows\System32\OpenSSH\;C:\Program Files\Git\cmd;C:\herramientas_de_programacion\antlr;C:\Program Files\Microsoft SQL Server\Client SDK\ODBC\170\Tools\Binn\;C:\Program Files (x86)\Microsoft SQL Server\160\DTS\Binn\;C:\Program Files (x86)\Microsoft SQL Server\150\Tools\Binn\;C:\Program Files\Microsoft SQL Server\150\DTS\Binn\;C:\Program Files\Microsoft SQL Server\150\Tools\Binn\;C:\ProgramData\chocolatey\bin;C:\Program Files\Microsoft\jdk-11.0.16.101-hotspot\bin;C:\ProgramData\Oracle\Java\javapath;C:\Program Files\Common Files\Oracle\Java\javapath;C:\herramientas_de_programacion\apache-maven-3.8.8\bin;C:\Program Files (x86)\Microsoft SQL Server\150\DTS\Binn\;C:\Users\Sabri\AppData\Local\Programs\Python\Launcher\;C:\Users\Sabri\AppData\Local\Microsoft\WindowsApps;C:\Users\Sabri\AppData\Local\Programs\Microsoft VS Code\bin;C:\Program Files\JetBrains\PyCharm 2024.3\bin;;C:\Program Files\JetBrains\PyCharm Community Edition 2024.2.4\bin;;C:\Program Files\JetBrains\IntelliJ IDEA 2024.3.4.1\bin;;C:\Program Files\Java\jdk-24\bin;;c:\Users\Sabri\AppData\Roaming\Code\User\globalStorage\github.copilot-chat\debugCommand;."/>
    <property name="maven.conf" value="C:\herramientas_de_programacion\apache-maven-3.8.8/conf"/>
    <property name="jdk.debug" value="release"/>
    <property name="java.class.version" value="68.0"/>
    <property name="java.specification.name" value="Java Platform API Specification"/>
    <property name="sun.management.compiler" value="HotSpot 64-Bit Tiered Compilers"/>
    <property name="os.version" value="10.0"/>
    <property name="library.jansi.path" value="C:\herramientas_de_programacion\apache-maven-3.8.8\lib\jansi-native"/>
    <property name="user.home" value="C:\Users\Sabri"/>
    <property name="user.timezone" value="America/Buenos_Aires"/>
    <property name="file.encoding" value="UTF-8"/>
    <property name="java.specification.version" value="24"/>
    <property name="user.name" value="Sabri"/>
    <property name="java.class.path" value="C:\herramientas_de_programacion\apache-maven-3.8.8\boot\plexus-classworlds-2.6.0.jar"/>
    <property name="java.vm.specification.version" value="24"/>
    <property name="sun.arch.data.model" value="64"/>
    <property name="sun.java.command" value="org.codehaus.plexus.classworlds.launcher.Launcher package assembly:single"/>
    <property name="java.home" value="C:\Program Files\Java\jdk-24"/>
    <property name="user.language" value="es"/>
    <property name="java.specification.vendor" value="Oracle Corporation"/>
    <property name="java.vm.info" value="mixed mode, sharing"/>
    <property name="java.version" value="24.0.1"/>
    <property name="native.encoding" value="Cp1252"/>
    <property name="java.vendor" value="Oracle Corporation"/>
    <property name="maven.home" value="C:\herramientas_de_programacion\apache-maven-3.8.8"/>
    <property name="file.separator" value="\"/>
    <property name="java.version.date" value="2025-04-15"/>
    <property name="java.vendor.url.bug" value="https://bugreport.java.com/bugreport/"/>
    <property name="sun.io.unicode.encoding" value="UnicodeLittle"/>
    <property name="sun.cpu.endian" value="little"/>
    <property name="sun.cpu.isalist" value="amd64"/>
  </properties>
  <testcase classname="com.compilador.AppTest" name="shouldAnswerWithTrue" time="0.005"/>
</testsuite>